<?xml version="1.0" encoding="UTF-8"?>
<!-- Generated by org.testng.reporters.JUnitXMLReporter -->
<testsuite ignored="0" hostname="DESKTOP-KF7URRH" failures="0" tests="5" name="MyTest" time="86.559" errors="0" timestamp="2023-10-18T13:29:28 GMT-04:00">
  <testcase classname="testCases.TC_001_AccountRegistrationTest" name="Test_Register" time="4.29"/>
  <testcase classname="testCases.TC_002_LoginTest" name="test_Login" time="2.902"/>
  <testcase classname="testCases.TC_004_SearchProductTest" name="test_pruductSearch" time="2.265"/>
  <testcase classname="testCases.TC_005_AddToCartPageTest" name="test_addToCart" time="3.205"/>
  <testcase classname="testCases.TC_006_EndToEndTest" name="endToendTest" time="22.736"/>
</testsuite> <!-- MyTest -->
