<?xml version="1.0" encoding="UTF-8"?>
<testng-results ignored="0" total="2" passed="2" failed="0" skipped="0">
  <reporter-output>
  </reporter-output>
  <suite started-at="2023-07-25T15:16:45 GMT-04:00" name="OpencartSuite" finished-at="2023-07-25T15:17:12 GMT-04:00" duration-ms="27402">
    <groups>
      <group name="Master">
        <method signature="TC_001_AccountRegistrationTest.Test_Register()[pri:0, instance:TestCases.TC_001_AccountRegistrationTest@11392934]" name="Test_Register" class="TestCases.TC_001_AccountRegistrationTest"/>
        <method signature="TC_002_LoginTest.test_Login()[pri:0, instance:TestCases.TC_002_LoginTest@78e4deb0]" name="test_Login" class="TestCases.TC_002_LoginTest"/>
      </group> <!-- Master -->
      <group name="Sanity">
        <method signature="TC_002_LoginTest.test_Login()[pri:0, instance:TestCases.TC_002_LoginTest@78e4deb0]" name="test_Login" class="TestCases.TC_002_LoginTest"/>
      </group> <!-- Sanity -->
      <group name="Regression">
        <method signature="TC_001_AccountRegistrationTest.Test_Register()[pri:0, instance:TestCases.TC_001_AccountRegistrationTest@11392934]" name="Test_Register" class="TestCases.TC_001_AccountRegistrationTest"/>
      </group> <!-- Regression -->
    </groups>
    <test started-at="2023-07-25T15:16:45 GMT-04:00" name="OpencartTest" finished-at="2023-07-25T15:17:12 GMT-04:00" duration-ms="27402">
      <class name="TestCases.TC_001_AccountRegistrationTest">
        <test-method is-config="true" signature="SetUp(java.lang.String)[pri:0, instance:TestCases.TC_001_AccountRegistrationTest@11392934]" started-at="2023-07-25T15:16:45 GMT-04:00" name="SetUp" finished-at="2023-07-25T15:16:54 GMT-04:00" duration-ms="9196" status="PASS">
          <params>
            <param index="0">
              <value>
                <![CDATA[chrome]]>
              </value>
            </param>
          </params>
          <reporter-output>
          </reporter-output>
        </test-method> <!-- SetUp -->
        <test-method signature="Test_Register()[pri:0, instance:TestCases.TC_001_AccountRegistrationTest@11392934]" started-at="2023-07-25T15:16:54 GMT-04:00" name="Test_Register" finished-at="2023-07-25T15:16:58 GMT-04:00" duration-ms="4261" status="PASS">
          <reporter-output>
          </reporter-output>
        </test-method> <!-- Test_Register -->
        <test-method is-config="true" signature="close()[pri:0, instance:TestCases.TC_001_AccountRegistrationTest@11392934]" started-at="2023-07-25T15:16:58 GMT-04:00" name="close" finished-at="2023-07-25T15:16:59 GMT-04:00" duration-ms="880" status="PASS">
          <reporter-output>
          </reporter-output>
        </test-method> <!-- close -->
      </class> <!-- TestCases.TC_001_AccountRegistrationTest -->
      <class name="TestCases.TC_002_LoginTest">
        <test-method is-config="true" signature="SetUp(java.lang.String)[pri:0, instance:TestCases.TC_002_LoginTest@78e4deb0]" started-at="2023-07-25T15:16:59 GMT-04:00" name="SetUp" finished-at="2023-07-25T15:17:07 GMT-04:00" duration-ms="7752" status="PASS">
          <params>
            <param index="0">
              <value>
                <![CDATA[chrome]]>
              </value>
            </param>
          </params>
          <reporter-output>
          </reporter-output>
        </test-method> <!-- SetUp -->
        <test-method signature="test_Login()[pri:0, instance:TestCases.TC_002_LoginTest@78e4deb0]" started-at="2023-07-25T15:17:07 GMT-04:00" name="test_Login" finished-at="2023-07-25T15:17:11 GMT-04:00" duration-ms="3983" status="PASS">
          <reporter-output>
          </reporter-output>
        </test-method> <!-- test_Login -->
        <test-method is-config="true" signature="close()[pri:0, instance:TestCases.TC_002_LoginTest@78e4deb0]" started-at="2023-07-25T15:17:11 GMT-04:00" name="close" finished-at="2023-07-25T15:17:12 GMT-04:00" duration-ms="1007" status="PASS">
          <reporter-output>
          </reporter-output>
        </test-method> <!-- close -->
      </class> <!-- TestCases.TC_002_LoginTest -->
    </test> <!-- OpencartTest -->
  </suite> <!-- OpencartSuite -->
</testng-results>
