<?xml version="1.0" encoding="UTF-8"?>
<testng-results ignored="0" total="1" passed="1" failed="0" skipped="0">
  <reporter-output>
  </reporter-output>
  <suite started-at="2024-07-25T14:11:58 GMT-04:00" name="Default suite" finished-at="2024-07-25T14:12:08 GMT-04:00" duration-ms="10145">
    <groups>
    </groups>
    <test started-at="2024-07-25T14:11:58 GMT-04:00" name="Default test" finished-at="2024-07-25T14:12:08 GMT-04:00" duration-ms="10145">
      <class name="testCases.TC_004_SearchProductTest">
        <test-method is-config="true" signature="SetUp()[pri:0, instance:testCases.TC_004_SearchProductTest@117159c0]" started-at="2024-07-25T14:11:58 GMT-04:00" name="SetUp" finished-at="2024-07-25T14:12:06 GMT-04:00" duration-ms="7639" status="PASS">
          <reporter-output>
          </reporter-output>
        </test-method> <!-- SetUp -->
        <test-method signature="test_pruductSearch()[pri:0, instance:testCases.TC_004_SearchProductTest@117159c0]" started-at="2024-07-25T14:12:06 GMT-04:00" name="test_pruductSearch" finished-at="2024-07-25T14:12:08 GMT-04:00" duration-ms="2246" status="PASS">
          <reporter-output>
          </reporter-output>
        </test-method> <!-- test_pruductSearch -->
        <test-method is-config="true" signature="close()[pri:0, instance:testCases.TC_004_SearchProductTest@117159c0]" started-at="2024-07-25T14:12:08 GMT-04:00" name="close" finished-at="2024-07-25T14:12:08 GMT-04:00" duration-ms="208" status="PASS">
          <reporter-output>
          </reporter-output>
        </test-method> <!-- close -->
      </class> <!-- testCases.TC_004_SearchProductTest -->
    </test> <!-- Default test -->
  </suite> <!-- Default suite -->
</testng-results>
