<?xml version="1.0" encoding="UTF-8"?>
<testng-results ignored="0" total="5" passed="5" failed="0" skipped="0">
  <reporter-output>
  </reporter-output>
  <suite started-at="2023-10-18T13:28:01 GMT-04:00" name="MySuite" finished-at="2023-10-18T13:29:27 GMT-04:00" duration-ms="86559">
    <groups>
      <group name="Master">
        <method signature="TC_001_AccountRegistrationTest.Test_Register()[pri:0, instance:testCases.TC_001_AccountRegistrationTest@5149d738]" name="Test_Register" class="testCases.TC_001_AccountRegistrationTest"/>
        <method signature="TC_002_LoginTest.test_Login()[pri:0, instance:testCases.TC_002_LoginTest@712625fd]" name="test_Login" class="testCases.TC_002_LoginTest"/>
      </group> <!-- Master -->
      <group name="Sanity">
        <method signature="TC_002_LoginTest.test_Login()[pri:0, instance:testCases.TC_002_LoginTest@712625fd]" name="test_Login" class="testCases.TC_002_LoginTest"/>
      </group> <!-- Sanity -->
      <group name="Regression">
        <method signature="TC_001_AccountRegistrationTest.Test_Register()[pri:0, instance:testCases.TC_001_AccountRegistrationTest@5149d738]" name="Test_Register" class="testCases.TC_001_AccountRegistrationTest"/>
      </group> <!-- Regression -->
    </groups>
    <test started-at="2023-10-18T13:28:01 GMT-04:00" name="MyTest" finished-at="2023-10-18T13:29:27 GMT-04:00" duration-ms="86559">
      <class name="testCases.TC_001_AccountRegistrationTest">
        <test-method is-config="true" signature="SetUp(java.lang.String)[pri:0, instance:testCases.TC_001_AccountRegistrationTest@5149d738]" started-at="2023-10-18T13:28:01 GMT-04:00" name="SetUp" finished-at="2023-10-18T13:28:12 GMT-04:00" duration-ms="10888" status="PASS">
          <params>
            <param index="0">
              <value>
                <![CDATA[chrome]]>
              </value>
            </param>
          </params>
          <reporter-output>
          </reporter-output>
        </test-method> <!-- SetUp -->
        <test-method signature="Test_Register()[pri:0, instance:testCases.TC_001_AccountRegistrationTest@5149d738]" started-at="2023-10-18T13:28:12 GMT-04:00" name="Test_Register" finished-at="2023-10-18T13:28:16 GMT-04:00" duration-ms="4290" status="PASS">
          <reporter-output>
          </reporter-output>
        </test-method> <!-- Test_Register -->
        <test-method is-config="true" signature="close()[pri:0, instance:testCases.TC_001_AccountRegistrationTest@5149d738]" started-at="2023-10-18T13:28:16 GMT-04:00" name="close" finished-at="2023-10-18T13:28:17 GMT-04:00" duration-ms="1037" status="PASS">
          <reporter-output>
          </reporter-output>
        </test-method> <!-- close -->
      </class> <!-- testCases.TC_001_AccountRegistrationTest -->
      <class name="testCases.TC_002_LoginTest">
        <test-method is-config="true" signature="SetUp(java.lang.String)[pri:0, instance:testCases.TC_002_LoginTest@712625fd]" started-at="2023-10-18T13:28:17 GMT-04:00" name="SetUp" finished-at="2023-10-18T13:28:25 GMT-04:00" duration-ms="7432" status="PASS">
          <params>
            <param index="0">
              <value>
                <![CDATA[chrome]]>
              </value>
            </param>
          </params>
          <reporter-output>
          </reporter-output>
        </test-method> <!-- SetUp -->
        <test-method signature="test_Login()[pri:0, instance:testCases.TC_002_LoginTest@712625fd]" started-at="2023-10-18T13:28:25 GMT-04:00" name="test_Login" finished-at="2023-10-18T13:28:28 GMT-04:00" duration-ms="2902" status="PASS">
          <reporter-output>
          </reporter-output>
        </test-method> <!-- test_Login -->
        <test-method is-config="true" signature="close()[pri:0, instance:testCases.TC_002_LoginTest@712625fd]" started-at="2023-10-18T13:28:28 GMT-04:00" name="close" finished-at="2023-10-18T13:28:29 GMT-04:00" duration-ms="1112" status="PASS">
          <reporter-output>
          </reporter-output>
        </test-method> <!-- close -->
      </class> <!-- testCases.TC_002_LoginTest -->
      <class name="testCases.TC_005_AddToCartPageTest">
        <test-method is-config="true" signature="SetUp(java.lang.String)[pri:0, instance:testCases.TC_005_AddToCartPageTest@75437611]" started-at="2023-10-18T13:28:40 GMT-04:00" name="SetUp" finished-at="2023-10-18T13:28:48 GMT-04:00" duration-ms="7650" status="PASS">
          <params>
            <param index="0">
              <value>
                <![CDATA[chrome]]>
              </value>
            </param>
          </params>
          <reporter-output>
          </reporter-output>
        </test-method> <!-- SetUp -->
        <test-method signature="test_addToCart()[pri:0, instance:testCases.TC_005_AddToCartPageTest@75437611]" started-at="2023-10-18T13:28:48 GMT-04:00" name="test_addToCart" finished-at="2023-10-18T13:28:51 GMT-04:00" duration-ms="3205" status="PASS">
          <reporter-output>
          </reporter-output>
        </test-method> <!-- test_addToCart -->
        <test-method is-config="true" signature="close()[pri:0, instance:testCases.TC_005_AddToCartPageTest@75437611]" started-at="2023-10-18T13:28:51 GMT-04:00" name="close" finished-at="2023-10-18T13:28:53 GMT-04:00" duration-ms="1554" status="PASS">
          <reporter-output>
          </reporter-output>
        </test-method> <!-- close -->
      </class> <!-- testCases.TC_005_AddToCartPageTest -->
      <class name="testCases.TC_004_SearchProductTest">
        <test-method is-config="true" signature="SetUp(java.lang.String)[pri:0, instance:testCases.TC_004_SearchProductTest@742ff096]" started-at="2023-10-18T13:28:29 GMT-04:00" name="SetUp" finished-at="2023-10-18T13:28:37 GMT-04:00" duration-ms="8315" status="PASS">
          <params>
            <param index="0">
              <value>
                <![CDATA[chrome]]>
              </value>
            </param>
          </params>
          <reporter-output>
          </reporter-output>
        </test-method> <!-- SetUp -->
        <test-method signature="test_pruductSearch()[pri:0, instance:testCases.TC_004_SearchProductTest@742ff096]" started-at="2023-10-18T13:28:37 GMT-04:00" name="test_pruductSearch" finished-at="2023-10-18T13:28:39 GMT-04:00" duration-ms="2265" status="PASS">
          <reporter-output>
          </reporter-output>
        </test-method> <!-- test_pruductSearch -->
        <test-method is-config="true" signature="close()[pri:0, instance:testCases.TC_004_SearchProductTest@742ff096]" started-at="2023-10-18T13:28:39 GMT-04:00" name="close" finished-at="2023-10-18T13:28:40 GMT-04:00" duration-ms="1102" status="PASS">
          <reporter-output>
          </reporter-output>
        </test-method> <!-- close -->
      </class> <!-- testCases.TC_004_SearchProductTest -->
      <class name="testCases.TC_006_EndToEndTest">
        <test-method is-config="true" signature="SetUp(java.lang.String)[pri:0, instance:testCases.TC_006_EndToEndTest@350aac89]" started-at="2023-10-18T13:28:53 GMT-04:00" name="SetUp" finished-at="2023-10-18T13:29:03 GMT-04:00" duration-ms="10112" status="PASS">
          <params>
            <param index="0">
              <value>
                <![CDATA[chrome]]>
              </value>
            </param>
          </params>
          <reporter-output>
          </reporter-output>
        </test-method> <!-- SetUp -->
        <test-method signature="endToendTest()[pri:0, instance:testCases.TC_006_EndToEndTest@350aac89]" started-at="2023-10-18T13:29:03 GMT-04:00" name="endToendTest" finished-at="2023-10-18T13:29:26 GMT-04:00" duration-ms="22736" status="PASS">
          <reporter-output>
          </reporter-output>
        </test-method> <!-- endToendTest -->
        <test-method is-config="true" signature="close()[pri:0, instance:testCases.TC_006_EndToEndTest@350aac89]" started-at="2023-10-18T13:29:26 GMT-04:00" name="close" finished-at="2023-10-18T13:29:27 GMT-04:00" duration-ms="1600" status="PASS">
          <reporter-output>
          </reporter-output>
        </test-method> <!-- close -->
      </class> <!-- testCases.TC_006_EndToEndTest -->
    </test> <!-- MyTest -->
  </suite> <!-- MySuite -->
</testng-results>
